<?xml version="1.0" encoding="UTF-8"?>
<testng-results skipped="1" failed="0" total="1" passed="0">
  <reporter-output>
  </reporter-output>
  <suite name="Json data Test Suite" duration-ms="22" started-at="2017-07-19T10:01:00Z" finished-at="2017-07-19T10:01:00Z">
    <groups>
    </groups>
    <test name="Macys data provider test" duration-ms="22" started-at="2017-07-19T10:01:00Z" finished-at="2017-07-19T10:01:00Z">
      <class name="com.store23andme.test.home.HomeTest">
        <test-method status="PASS" signature="setUpBeforeSuite(java.lang.String, java.lang.String)[pri:0, instance:com.store23andme.test.home.HomeTest@a8ef162]" name="setUpBeforeSuite" is-config="true" duration-ms="17" started-at="2017-07-19T15:31:00Z" finished-at="2017-07-19T15:31:00Z">
          <params>
            <param index="0">
              <value>
                <![CDATA[firefox]]>
              </value>
            </param>
            <param index="1">
              <value>
                <![CDATA[https://store.23andme.com/en-us/cart/]]>
              </value>
            </param>
          </params>
          <reporter-output>
          </reporter-output>
        </test-method> <!-- setUpBeforeSuite -->
        <test-method status="FAIL" signature="setupBeforeSuite(org.testng.ITestContext)[pri:0, instance:com.store23andme.test.home.HomeTest@a8ef162]" name="setupBeforeSuite" is-config="true" duration-ms="0" started-at="2017-07-19T15:31:00Z" depends-on-methods="com.store23andme.base.pages.Store23andmeRunnerBase.setUpBeforeSuite" finished-at="2017-07-19T15:31:00Z">
          <params>
            <param index="0">
              <value>
                <![CDATA[org.testng.TestRunner@1cb346ea]]>
              </value>
            </param>
          </params>
          <exception class="java.lang.NullPointerException">
            <full-stacktrace>
              <![CDATA[java.lang.NullPointerException
	at com.store23andme.base.Store23andmeBaseTest.setupBeforeSuite(Store23andmeBaseTest.java:25)
	at sun.reflect.NativeMethodAccessorImpl.invoke0(Native Method)
	at sun.reflect.NativeMethodAccessorImpl.invoke(NativeMethodAccessorImpl.java:62)
	at sun.reflect.DelegatingMethodAccessorImpl.invoke(DelegatingMethodAccessorImpl.java:43)
	at java.lang.reflect.Method.invoke(Method.java:498)
	at org.testng.internal.MethodInvocationHelper.invokeMethod(MethodInvocationHelper.java:80)
	at org.testng.internal.Invoker.invokeConfigurationMethod(Invoker.java:564)
	at org.testng.internal.Invoker.invokeConfigurations(Invoker.java:213)
	at org.testng.internal.Invoker.invokeConfigurations(Invoker.java:138)
	at org.testng.SuiteRunner.privateRun(SuiteRunner.java:277)
	at org.testng.SuiteRunner.run(SuiteRunner.java:240)
	at org.testng.SuiteRunnerWorker.runSuite(SuiteRunnerWorker.java:52)
	at org.testng.SuiteRunnerWorker.run(SuiteRunnerWorker.java:86)
	at org.testng.TestNG.runSuitesSequentially(TestNG.java:1198)
	at org.testng.TestNG.runSuitesLocally(TestNG.java:1123)
	at org.testng.TestNG.run(TestNG.java:1031)
	at org.testng.remote.AbstractRemoteTestNG.run(AbstractRemoteTestNG.java:126)
	at org.testng.remote.RemoteTestNG.initAndRun(RemoteTestNG.java:152)
	at org.testng.remote.RemoteTestNG.main(RemoteTestNG.java:57)
]]>
            </full-stacktrace>
          </exception> <!-- java.lang.NullPointerException -->
          <reporter-output>
          </reporter-output>
        </test-method> <!-- setupBeforeSuite -->
        <test-method status="SKIP" signature="getsite()[pri:0, instance:com.store23andme.test.home.HomeTest@a8ef162]" name="getsite" duration-ms="3" started-at="2017-07-19T15:31:00Z" finished-at="2017-07-19T15:31:00Z">
          <reporter-output>
          </reporter-output>
        </test-method> <!-- getsite -->
        <test-method status="PASS" signature="afterClass()[pri:0, instance:com.store23andme.test.home.HomeTest@a8ef162]" name="afterClass" is-config="true" duration-ms="0" started-at="2017-07-19T15:31:00Z" finished-at="2017-07-19T15:31:00Z">
          <reporter-output>
          </reporter-output>
        </test-method> <!-- afterClass -->
      </class> <!-- com.store23andme.test.home.HomeTest -->
    </test> <!-- Macys data provider test -->
  </suite> <!-- Json data Test Suite -->
</testng-results>
